<?xml version="1.0" encoding="UTF-8"?>
<testsuite xmlns:xsi="http://www.w3.org/2001/XMLSchema-instance" xsi:noNamespaceSchemaLocation="https://maven.apache.org/surefire/maven-surefire-plugin/xsd/surefire-test-report-3.0.xsd" version="3.0" name="OperationsTest" time="0.136" tests="6" errors="0" skipped="0" failures="0">
  <properties>
[...]
</properties>
  <testcase name="divideTest" classname="OperationsTest" time="0.082"/>
  <testcase name="integrateTest" classname="OperationsTest" time="0.004"/>
  <testcase name="addTest" classname="OperationsTest" time="0.003"/>
  <testcase name="multiplyTest" classname="OperationsTest" time="0.006"/>
  <testcase name="derivativeTest" classname="OperationsTest" time="0.003"/>
  <testcase name="subtractTest" classname="OperationsTest" time="0.003"/>
</testsuite>